{"contracts/Fund.sol":{"l":{"44":27,"45":26,"50":24,"51":23,"52":23,"58":130,"59":128,"120":22,"121":21,"122":21,"139":8,"140":7,"141":6,"142":6,"143":6,"144":6,"145":4,"146":4,"147":4,"149":2,"164":13,"165":12,"166":12,"167":12,"168":12,"178":22,"179":21,"180":20,"181":20,"182":20,"194":7,"195":6,"206":10,"207":6,"223":1},"path":"/home/jakob/Documents/ercfund/ercfund/contracts/Fund.sol","s":{"1":27,"2":24,"3":23,"4":130,"5":22,"6":21,"7":21,"8":8,"9":7,"10":6,"11":6,"12":6,"13":6,"14":4,"15":2,"16":13,"17":12,"18":12,"19":12,"20":22,"21":21,"22":20,"23":20,"24":20,"25":6,"26":6,"27":1},"b":{"1":[26,1],"2":[23,1],"3":[23,0],"4":[128,2],"5":[21,1],"6":[7,1],"7":[6,1],"8":[4,2],"9":[12,1],"10":[21,1],"11":[20,1]},"f":{"1":27,"2":24,"3":130,"4":78,"5":22,"6":8,"7":13,"8":22,"9":7,"10":10,"11":5,"12":1},"fnMap":{"1":{"name":"hasToken","line":43,"loc":{"start":{"line":43,"column":4},"end":{"line":43,"column":19}}},"2":{"name":"priceSet","line":49,"loc":{"start":{"line":49,"column":4},"end":{"line":49,"column":19}}},"3":{"name":"notNull","line":57,"loc":{"start":{"line":57,"column":4},"end":{"line":57,"column":36}}},"4":{"name":"Fund","line":108,"loc":{"start":{"line":108,"column":4},"end":{"line":110,"column":5}}},"5":{"name":"addToken","line":115,"loc":{"start":{"line":115,"column":4},"end":{"line":119,"column":5}}},"6":{"name":"withdrawTo","line":132,"loc":{"start":{"line":132,"column":4},"end":{"line":138,"column":5}}},"7":{"name":"buyTo","line":156,"loc":{"start":{"line":156,"column":4},"end":{"line":163,"column":5}}},"8":{"name":"updatePrice","line":174,"loc":{"start":{"line":174,"column":4},"end":{"line":177,"column":5}}},"9":{"name":"moveTokens","line":190,"loc":{"start":{"line":190,"column":4},"end":{"line":193,"column":5}}},"10":{"name":"moveEther","line":202,"loc":{"start":{"line":202,"column":4},"end":{"line":205,"column":5}}},"11":{"name":"addFunds","line":211,"loc":{"start":{"line":211,"column":4},"end":{"line":214,"column":5}}},"12":{"name":null,"line":219,"loc":{"start":{"line":219,"column":4},"end":{"line":222,"column":5}}}},"statementMap":{"1":{"start":{"line":44,"column":8},"end":{"line":44,"column":44}},"2":{"start":{"line":50,"column":8},"end":{"line":50,"column":43}},"3":{"start":{"line":51,"column":8},"end":{"line":51,"column":45}},"4":{"start":{"line":58,"column":8},"end":{"line":58,"column":38}},"5":{"start":{"line":120,"column":8},"end":{"line":120,"column":35}},"6":{"start":{"line":121,"column":8},"end":{"line":121,"column":21}},"7":{"start":{"line":122,"column":8},"end":{"line":122,"column":37}},"8":{"start":{"line":139,"column":8},"end":{"line":139,"column":27}},"9":{"start":{"line":140,"column":8},"end":{"line":140,"column":53}},"10":{"start":{"line":141,"column":8},"end":{"line":141,"column":37}},"11":{"start":{"line":142,"column":8},"end":{"line":142,"column":96}},"12":{"start":{"line":143,"column":8},"end":{"line":143,"column":72}},"13":{"start":{"line":144,"column":8},"end":{"line":144,"column":6981}},"14":{"start":{"line":147,"column":12},"end":{"line":147,"column":60}},"15":{"start":{"line":149,"column":12},"end":{"line":149,"column":66}},"16":{"start":{"line":164,"column":8},"end":{"line":164,"column":30}},"17":{"start":{"line":165,"column":8},"end":{"line":165,"column":99}},"18":{"start":{"line":166,"column":8},"end":{"line":166,"column":72}},"19":{"start":{"line":168,"column":8},"end":{"line":168,"column":58}},"20":{"start":{"line":178,"column":8},"end":{"line":178,"column":31}},"21":{"start":{"line":179,"column":8},"end":{"line":179,"column":33}},"22":{"start":{"line":180,"column":8},"end":{"line":180,"column":42}},"23":{"start":{"line":181,"column":8},"end":{"line":181,"column":46}},"24":{"start":{"line":182,"column":8},"end":{"line":182,"column":44}},"25":{"start":{"line":195,"column":8},"end":{"line":195,"column":55}},"26":{"start":{"line":207,"column":8},"end":{"line":207,"column":37}},"27":{"start":{"line":223,"column":8},"end":{"line":223,"column":24}}},"branchMap":{"1":{"line":44,"type":"if","locations":[{"start":{"line":44,"column":8},"end":{"line":44,"column":8}},{"start":{"line":44,"column":8},"end":{"line":44,"column":8}}]},"2":{"line":50,"type":"if","locations":[{"start":{"line":50,"column":8},"end":{"line":50,"column":8}},{"start":{"line":50,"column":8},"end":{"line":50,"column":8}}]},"3":{"line":51,"type":"if","locations":[{"start":{"line":51,"column":8},"end":{"line":51,"column":8}},{"start":{"line":51,"column":8},"end":{"line":51,"column":8}}]},"4":{"line":58,"type":"if","locations":[{"start":{"line":58,"column":8},"end":{"line":58,"column":8}},{"start":{"line":58,"column":8},"end":{"line":58,"column":8}}]},"5":{"line":120,"type":"if","locations":[{"start":{"line":120,"column":8},"end":{"line":120,"column":8}},{"start":{"line":120,"column":8},"end":{"line":120,"column":8}}]},"6":{"line":139,"type":"if","locations":[{"start":{"line":139,"column":8},"end":{"line":139,"column":8}},{"start":{"line":139,"column":8},"end":{"line":139,"column":8}}]},"7":{"line":140,"type":"if","locations":[{"start":{"line":140,"column":8},"end":{"line":140,"column":8}},{"start":{"line":140,"column":8},"end":{"line":140,"column":8}}]},"8":{"line":144,"type":"if","locations":[{"start":{"line":144,"column":8},"end":{"line":144,"column":8}},{"start":{"line":144,"column":8},"end":{"line":144,"column":8}}]},"9":{"line":164,"type":"if","locations":[{"start":{"line":164,"column":8},"end":{"line":164,"column":8}},{"start":{"line":164,"column":8},"end":{"line":164,"column":8}}]},"10":{"line":178,"type":"if","locations":[{"start":{"line":178,"column":8},"end":{"line":178,"column":8}},{"start":{"line":178,"column":8},"end":{"line":178,"column":8}}]},"11":{"line":179,"type":"if","locations":[{"start":{"line":179,"column":8},"end":{"line":179,"column":8}},{"start":{"line":179,"column":8},"end":{"line":179,"column":8}}]}}},"contracts/FundOperator.sol":{"l":{"122":48,"123":47,"129":50,"130":50,"143":80,"144":79,"145":78,"146":76,"148":75,"149":405,"150":403,"153":73,"154":375,"155":374,"156":372,"159":70,"160":70,"161":70,"162":70,"172":42,"173":41,"174":41,"175":39,"176":39,"177":39,"178":39,"179":39,"180":39,"190":3,"191":3,"192":2,"193":2,"194":2,"195":2,"206":22,"207":22,"208":22,"209":21,"210":36,"211":35,"212":34,"213":34,"214":34,"215":31,"216":31,"217":31,"220":19,"231":8,"232":7,"233":6,"234":6,"235":6,"237":6,"238":6,"239":6,"240":6,"242":6,"243":5,"244":5,"245":5,"255":10,"256":10,"257":10,"258":10,"259":7,"271":100,"272":99,"273":98,"274":98,"277":98,"278":98,"279":277,"280":277,"281":275,"282":267,"294":72,"295":70,"296":70,"297":70,"300":70,"301":70,"302":0,"303":0,"304":0,"305":0,"319":13,"320":12,"321":12,"322":9,"324":2,"325":2,"326":2,"328":8,"329":1,"331":8,"343":10,"344":10,"347":5,"348":1,"361":3,"362":3,"365":3,"366":2,"377":2,"378":2,"379":2,"380":2,"381":2,"382":2,"391":7,"392":7,"393":6,"394":6,"395":4,"396":4,"398":2,"399":2},"path":"/home/jakob/Documents/ercfund/ercfund/contracts/FundOperator.sol","s":{"1":48,"2":50,"3":80,"4":79,"5":78,"6":76,"7":75,"8":405,"9":403,"10":73,"11":375,"12":374,"13":372,"14":70,"15":70,"16":70,"17":70,"18":42,"19":41,"20":41,"21":39,"22":39,"23":39,"24":39,"25":39,"26":39,"27":3,"28":3,"29":2,"30":2,"31":2,"32":22,"33":22,"34":22,"35":21,"36":36,"37":35,"38":34,"39":34,"40":34,"41":31,"42":31,"43":19,"44":8,"45":7,"46":6,"47":6,"48":6,"49":6,"50":6,"51":6,"52":5,"53":5,"54":5,"55":10,"56":10,"57":10,"58":10,"59":7,"60":100,"61":99,"62":98,"63":98,"64":98,"65":98,"66":277,"67":277,"68":275,"69":267,"70":72,"71":70,"72":70,"73":70,"74":70,"75":70,"76":0,"77":0,"78":0,"79":0,"80":13,"81":12,"82":12,"83":9,"84":2,"85":2,"86":2,"87":8,"88":1,"89":8,"90":10,"91":10,"92":1,"93":3,"94":3,"95":2,"96":2,"97":2,"98":2,"99":2,"100":2,"101":7,"102":7,"103":6,"104":6,"105":4,"106":2},"b":{"1":[47,1],"2":[50,0],"3":[79,1],"4":[78,1],"5":[76,2],"6":[75,1],"7":[403,2],"8":[374,1],"9":[372,2],"10":[41,1],"11":[35,1],"12":[34,1],"13":[31,3],"14":[7,1],"15":[6,1],"16":[7,3],"17":[99,1],"18":[98,1],"19":[275,2],"20":[267,8],"21":[70,2],"22":[70,0],"23":[0,0],"24":[0,0],"25":[12,1],"26":[12,0],"27":[2,7],"28":[2,0],"29":[1,7],"30":[2,0],"31":[4,2]},"f":{"1":48,"2":50,"3":80,"4":42,"5":3,"6":22,"7":8,"8":10,"9":100,"10":72,"11":13,"12":10,"13":3,"14":2,"15":7},"fnMap":{"1":{"name":"hasFund","line":121,"loc":{"start":{"line":121,"column":4},"end":{"line":121,"column":20}}},"2":{"name":"notNull","line":128,"loc":{"start":{"line":128,"column":4},"end":{"line":128,"column":36}}},"3":{"name":"FundOperator","line":140,"loc":{"start":{"line":140,"column":4},"end":{"line":142,"column":5}}},"4":{"name":"addFund","line":168,"loc":{"start":{"line":168,"column":4},"end":{"line":171,"column":5}}},"5":{"name":"addToken","line":186,"loc":{"start":{"line":186,"column":4},"end":{"line":189,"column":5}}},"6":{"name":"addTrustedWallets","line":202,"loc":{"start":{"line":202,"column":4},"end":{"line":205,"column":5}}},"7":{"name":"addColdWallet","line":227,"loc":{"start":{"line":227,"column":4},"end":{"line":230,"column":5}}},"8":{"name":"_verifyColdStorageAccess","line":252,"loc":{"start":{"line":252,"column":4},"end":{"line":254,"column":5}}},"9":{"name":"_verifyHotAction","line":267,"loc":{"start":{"line":267,"column":4},"end":{"line":270,"column":5}}},"10":{"name":"_verifyTrustPartyAction","line":290,"loc":{"start":{"line":290,"column":4},"end":{"line":293,"column":5}}},"11":{"name":"_verifyTransfer","line":316,"loc":{"start":{"line":316,"column":4},"end":{"line":318,"column":5}}},"12":{"name":"requestEtherTransfer","line":339,"loc":{"start":{"line":339,"column":4},"end":{"line":342,"column":5}}},"13":{"name":"requestTokenTransfer","line":357,"loc":{"start":{"line":357,"column":4},"end":{"line":360,"column":5}}},"14":{"name":"requestPriceUpdate","line":372,"loc":{"start":{"line":372,"column":4},"end":{"line":375,"column":5}}},"15":{"name":"requestPause","line":387,"loc":{"start":{"line":387,"column":4},"end":{"line":390,"column":5}}}},"statementMap":{"1":{"start":{"line":122,"column":8},"end":{"line":122,"column":34}},"2":{"start":{"line":129,"column":8},"end":{"line":129,"column":29}},"3":{"start":{"line":143,"column":8},"end":{"line":143,"column":69}},"4":{"start":{"line":144,"column":8},"end":{"line":144,"column":48}},"5":{"start":{"line":145,"column":8},"end":{"line":145,"column":74}},"6":{"start":{"line":146,"column":8},"end":{"line":146,"column":66}},"7":{"start":{"line":148,"column":8},"end":{"line":148,"column":7531}},"8":{"start":{"line":149,"column":12},"end":{"line":149,"column":74}},"9":{"start":{"line":150,"column":12},"end":{"line":150,"column":47}},"10":{"start":{"line":153,"column":8},"end":{"line":153,"column":7729}},"11":{"start":{"line":154,"column":12},"end":{"line":154,"column":57}},"12":{"start":{"line":155,"column":12},"end":{"line":155,"column":95}},"13":{"start":{"line":156,"column":12},"end":{"line":156,"column":61}},"14":{"start":{"line":159,"column":8},"end":{"line":159,"column":35}},"15":{"start":{"line":160,"column":8},"end":{"line":160,"column":49}},"16":{"start":{"line":161,"column":8},"end":{"line":161,"column":33}},"17":{"start":{"line":162,"column":8},"end":{"line":162,"column":47}},"18":{"start":{"line":172,"column":8},"end":{"line":172,"column":34}},"19":{"start":{"line":173,"column":8},"end":{"line":173,"column":79}},"20":{"start":{"line":174,"column":8},"end":{"line":174,"column":53}},"21":{"start":{"line":175,"column":8},"end":{"line":175,"column":60}},"22":{"start":{"line":176,"column":8},"end":{"line":176,"column":19}},"23":{"start":{"line":177,"column":8},"end":{"line":177,"column":31}},"24":{"start":{"line":178,"column":8},"end":{"line":178,"column":35}},"25":{"start":{"line":179,"column":8},"end":{"line":179,"column":22}},"26":{"start":{"line":180,"column":8},"end":{"line":180,"column":27}},"27":{"start":{"line":190,"column":8},"end":{"line":190,"column":81}},"28":{"start":{"line":191,"column":8},"end":{"line":191,"column":53}},"29":{"start":{"line":192,"column":8},"end":{"line":192,"column":60}},"30":{"start":{"line":193,"column":8},"end":{"line":193,"column":34}},"31":{"start":{"line":194,"column":8},"end":{"line":194,"column":27}},"32":{"start":{"line":206,"column":8},"end":{"line":206,"column":98}},"33":{"start":{"line":207,"column":8},"end":{"line":207,"column":53}},"34":{"start":{"line":208,"column":8},"end":{"line":208,"column":60}},"35":{"start":{"line":209,"column":8},"end":{"line":209,"column":10125}},"36":{"start":{"line":210,"column":12},"end":{"line":210,"column":49}},"37":{"start":{"line":211,"column":12},"end":{"line":211,"column":56}},"38":{"start":{"line":212,"column":12},"end":{"line":212,"column":46}},"39":{"start":{"line":213,"column":12},"end":{"line":213,"column":42}},"40":{"start":{"line":214,"column":12},"end":{"line":214,"column":10394}},"41":{"start":{"line":215,"column":16},"end":{"line":215,"column":46}},"42":{"start":{"line":217,"column":16},"end":{"line":217,"column":42}},"43":{"start":{"line":220,"column":8},"end":{"line":220,"column":27}},"44":{"start":{"line":231,"column":8},"end":{"line":231,"column":41}},"45":{"start":{"line":232,"column":8},"end":{"line":232,"column":48}},"46":{"start":{"line":233,"column":8},"end":{"line":233,"column":93}},"47":{"start":{"line":234,"column":8},"end":{"line":234,"column":53}},"48":{"start":{"line":235,"column":8},"end":{"line":235,"column":60}},"49":{"start":{"line":237,"column":8},"end":{"line":237,"column":38}},"50":{"start":{"line":239,"column":8},"end":{"line":239,"column":34}},"51":{"start":{"line":242,"column":8},"end":{"line":242,"column":124}},"52":{"start":{"line":243,"column":8},"end":{"line":243,"column":37}},"53":{"start":{"line":244,"column":8},"end":{"line":244,"column":34}},"54":{"start":{"line":245,"column":8},"end":{"line":245,"column":27}},"55":{"start":{"line":255,"column":8},"end":{"line":255,"column":63}},"56":{"start":{"line":256,"column":8},"end":{"line":256,"column":51}},"57":{"start":{"line":257,"column":8},"end":{"line":257,"column":65}},"58":{"start":{"line":258,"column":8},"end":{"line":258,"column":49}},"59":{"start":{"line":259,"column":8},"end":{"line":259,"column":34}},"60":{"start":{"line":271,"column":8},"end":{"line":271,"column":44}},"61":{"start":{"line":272,"column":8},"end":{"line":272,"column":76}},"62":{"start":{"line":273,"column":8},"end":{"line":273,"column":63}},"63":{"start":{"line":274,"column":8},"end":{"line":274,"column":51}},"64":{"start":{"line":277,"column":8},"end":{"line":277,"column":26}},"65":{"start":{"line":278,"column":8},"end":{"line":278,"column":13414}},"66":{"start":{"line":279,"column":12},"end":{"line":279,"column":78}},"67":{"start":{"line":280,"column":12},"end":{"line":280,"column":39}},"68":{"start":{"line":281,"column":12},"end":{"line":281,"column":43}},"69":{"start":{"line":282,"column":12},"end":{"line":282,"column":30}},"70":{"start":{"line":294,"column":8},"end":{"line":294,"column":69}},"71":{"start":{"line":295,"column":8},"end":{"line":295,"column":76}},"72":{"start":{"line":296,"column":8},"end":{"line":296,"column":63}},"73":{"start":{"line":297,"column":8},"end":{"line":297,"column":51}},"74":{"start":{"line":300,"column":8},"end":{"line":300,"column":26}},"75":{"start":{"line":301,"column":8},"end":{"line":301,"column":14582}},"76":{"start":{"line":302,"column":12},"end":{"line":302,"column":78}},"77":{"start":{"line":303,"column":12},"end":{"line":303,"column":39}},"78":{"start":{"line":304,"column":12},"end":{"line":304,"column":50}},"79":{"start":{"line":305,"column":12},"end":{"line":305,"column":30}},"80":{"start":{"line":319,"column":8},"end":{"line":319,"column":61}},"81":{"start":{"line":320,"column":8},"end":{"line":320,"column":26}},"82":{"start":{"line":321,"column":8},"end":{"line":321,"column":54}},"83":{"start":{"line":322,"column":8},"end":{"line":322,"column":15707}},"84":{"start":{"line":324,"column":12},"end":{"line":324,"column":80}},"85":{"start":{"line":325,"column":12},"end":{"line":325,"column":48}},"86":{"start":{"line":326,"column":12},"end":{"line":326,"column":109}},"87":{"start":{"line":328,"column":8},"end":{"line":328,"column":16048}},"88":{"start":{"line":329,"column":12},"end":{"line":329,"column":65}},"89":{"start":{"line":331,"column":8},"end":{"line":331,"column":27}},"90":{"start":{"line":343,"column":8},"end":{"line":343,"column":98}},"91":{"start":{"line":344,"column":8},"end":{"line":344,"column":72}},"92":{"start":{"line":348,"column":8},"end":{"line":348,"column":50}},"93":{"start":{"line":361,"column":8},"end":{"line":361,"column":105}},"94":{"start":{"line":362,"column":8},"end":{"line":362,"column":72}},"95":{"start":{"line":366,"column":8},"end":{"line":366,"column":67}},"96":{"start":{"line":377,"column":8},"end":{"line":377,"column":52}},"97":{"start":{"line":378,"column":8},"end":{"line":378,"column":102}},"98":{"start":{"line":379,"column":8},"end":{"line":379,"column":53}},"99":{"start":{"line":380,"column":8},"end":{"line":380,"column":27}},"100":{"start":{"line":382,"column":8},"end":{"line":382,"column":54}},"101":{"start":{"line":391,"column":8},"end":{"line":391,"column":78}},"102":{"start":{"line":392,"column":8},"end":{"line":392,"column":53}},"103":{"start":{"line":393,"column":8},"end":{"line":393,"column":27}},"104":{"start":{"line":394,"column":8},"end":{"line":394,"column":19059}},"105":{"start":{"line":396,"column":12},"end":{"line":396,"column":28}},"106":{"start":{"line":399,"column":12},"end":{"line":399,"column":30}}},"branchMap":{"1":{"line":122,"type":"if","locations":[{"start":{"line":122,"column":8},"end":{"line":122,"column":8}},{"start":{"line":122,"column":8},"end":{"line":122,"column":8}}]},"2":{"line":129,"type":"if","locations":[{"start":{"line":129,"column":8},"end":{"line":129,"column":8}},{"start":{"line":129,"column":8},"end":{"line":129,"column":8}}]},"3":{"line":143,"type":"if","locations":[{"start":{"line":143,"column":8},"end":{"line":143,"column":8}},{"start":{"line":143,"column":8},"end":{"line":143,"column":8}}]},"4":{"line":144,"type":"if","locations":[{"start":{"line":144,"column":8},"end":{"line":144,"column":8}},{"start":{"line":144,"column":8},"end":{"line":144,"column":8}}]},"5":{"line":145,"type":"if","locations":[{"start":{"line":145,"column":8},"end":{"line":145,"column":8}},{"start":{"line":145,"column":8},"end":{"line":145,"column":8}}]},"6":{"line":146,"type":"if","locations":[{"start":{"line":146,"column":8},"end":{"line":146,"column":8}},{"start":{"line":146,"column":8},"end":{"line":146,"column":8}}]},"7":{"line":149,"type":"if","locations":[{"start":{"line":149,"column":12},"end":{"line":149,"column":12}},{"start":{"line":149,"column":12},"end":{"line":149,"column":12}}]},"8":{"line":154,"type":"if","locations":[{"start":{"line":154,"column":12},"end":{"line":154,"column":12}},{"start":{"line":154,"column":12},"end":{"line":154,"column":12}}]},"9":{"line":155,"type":"if","locations":[{"start":{"line":155,"column":12},"end":{"line":155,"column":12}},{"start":{"line":155,"column":12},"end":{"line":155,"column":12}}]},"10":{"line":172,"type":"if","locations":[{"start":{"line":172,"column":8},"end":{"line":172,"column":8}},{"start":{"line":172,"column":8},"end":{"line":172,"column":8}}]},"11":{"line":210,"type":"if","locations":[{"start":{"line":210,"column":12},"end":{"line":210,"column":12}},{"start":{"line":210,"column":12},"end":{"line":210,"column":12}}]},"12":{"line":211,"type":"if","locations":[{"start":{"line":211,"column":12},"end":{"line":211,"column":12}},{"start":{"line":211,"column":12},"end":{"line":211,"column":12}}]},"13":{"line":214,"type":"if","locations":[{"start":{"line":214,"column":12},"end":{"line":214,"column":12}},{"start":{"line":214,"column":12},"end":{"line":214,"column":12}}]},"14":{"line":231,"type":"if","locations":[{"start":{"line":231,"column":8},"end":{"line":231,"column":8}},{"start":{"line":231,"column":8},"end":{"line":231,"column":8}}]},"15":{"line":232,"type":"if","locations":[{"start":{"line":232,"column":8},"end":{"line":232,"column":8}},{"start":{"line":232,"column":8},"end":{"line":232,"column":8}}]},"16":{"line":258,"type":"if","locations":[{"start":{"line":258,"column":8},"end":{"line":258,"column":8}},{"start":{"line":258,"column":8},"end":{"line":258,"column":8}}]},"17":{"line":271,"type":"if","locations":[{"start":{"line":271,"column":8},"end":{"line":271,"column":8}},{"start":{"line":271,"column":8},"end":{"line":271,"column":8}}]},"18":{"line":272,"type":"if","locations":[{"start":{"line":272,"column":8},"end":{"line":272,"column":8}},{"start":{"line":272,"column":8},"end":{"line":272,"column":8}}]},"19":{"line":280,"type":"if","locations":[{"start":{"line":280,"column":12},"end":{"line":280,"column":12}},{"start":{"line":280,"column":12},"end":{"line":280,"column":12}}]},"20":{"line":281,"type":"if","locations":[{"start":{"line":281,"column":12},"end":{"line":281,"column":12}},{"start":{"line":281,"column":12},"end":{"line":281,"column":12}}]},"21":{"line":294,"type":"if","locations":[{"start":{"line":294,"column":8},"end":{"line":294,"column":8}},{"start":{"line":294,"column":8},"end":{"line":294,"column":8}}]},"22":{"line":295,"type":"if","locations":[{"start":{"line":295,"column":8},"end":{"line":295,"column":8}},{"start":{"line":295,"column":8},"end":{"line":295,"column":8}}]},"23":{"line":303,"type":"if","locations":[{"start":{"line":303,"column":12},"end":{"line":303,"column":12}},{"start":{"line":303,"column":12},"end":{"line":303,"column":12}}]},"24":{"line":304,"type":"if","locations":[{"start":{"line":304,"column":12},"end":{"line":304,"column":12}},{"start":{"line":304,"column":12},"end":{"line":304,"column":12}}]},"25":{"line":319,"type":"if","locations":[{"start":{"line":319,"column":8},"end":{"line":319,"column":8}},{"start":{"line":319,"column":8},"end":{"line":319,"column":8}}]},"26":{"line":320,"type":"if","locations":[{"start":{"line":320,"column":8},"end":{"line":320,"column":8}},{"start":{"line":320,"column":8},"end":{"line":320,"column":8}}]},"27":{"line":322,"type":"if","locations":[{"start":{"line":322,"column":8},"end":{"line":322,"column":8}},{"start":{"line":322,"column":8},"end":{"line":322,"column":8}}]},"28":{"line":324,"type":"if","locations":[{"start":{"line":324,"column":12},"end":{"line":324,"column":12}},{"start":{"line":324,"column":12},"end":{"line":324,"column":12}}]},"29":{"line":328,"type":"if","locations":[{"start":{"line":328,"column":8},"end":{"line":328,"column":8}},{"start":{"line":328,"column":8},"end":{"line":328,"column":8}}]},"30":{"line":377,"type":"if","locations":[{"start":{"line":377,"column":8},"end":{"line":377,"column":8}},{"start":{"line":377,"column":8},"end":{"line":377,"column":8}}]},"31":{"line":394,"type":"if","locations":[{"start":{"line":394,"column":8},"end":{"line":394,"column":8}},{"start":{"line":394,"column":8},"end":{"line":394,"column":8}}]}}},"contracts/FundToken.sol":{"l":{"30":34,"31":34,"45":9,"46":8,"48":7,"49":7,"51":7,"52":7},"path":"/home/jakob/Documents/ercfund/ercfund/contracts/FundToken.sol","s":{"1":34,"2":34,"3":9,"4":8,"5":7,"6":7,"7":7,"8":7},"b":{"1":[8,1],"2":[7,1]},"f":{"1":34,"2":9},"fnMap":{"1":{"name":"FundToken","line":27,"loc":{"start":{"line":27,"column":4},"end":{"line":29,"column":5}}},"2":{"name":"burn","line":40,"loc":{"start":{"line":40,"column":4},"end":{"line":43,"column":5}}}},"statementMap":{"1":{"start":{"line":30,"column":8},"end":{"line":30,"column":21}},"2":{"start":{"line":31,"column":8},"end":{"line":31,"column":23}},"3":{"start":{"line":45,"column":8},"end":{"line":45,"column":37}},"4":{"start":{"line":46,"column":8},"end":{"line":46,"column":43}},"5":{"start":{"line":48,"column":8},"end":{"line":48,"column":56}},"6":{"start":{"line":49,"column":8},"end":{"line":49,"column":46}},"7":{"start":{"line":51,"column":8},"end":{"line":51,"column":28}},"8":{"start":{"line":52,"column":8},"end":{"line":52,"column":44}}},"branchMap":{"1":{"line":45,"type":"if","locations":[{"start":{"line":45,"column":8},"end":{"line":45,"column":8}},{"start":{"line":45,"column":8},"end":{"line":45,"column":8}}]},"2":{"line":46,"type":"if","locations":[{"start":{"line":46,"column":8},"end":{"line":46,"column":8}},{"start":{"line":46,"column":8},"end":{"line":46,"column":8}}]}}},"contracts/FundWallet.sol":{"l":{"36":24,"37":22,"43":72,"44":71,"53":134,"65":12,"69":12,"70":1,"71":1,"74":11,"76":8,"88":10,"90":10,"91":8,"99":22},"path":"/home/jakob/Documents/ercfund/ercfund/contracts/FundWallet.sol","s":{"1":24,"2":72,"3":134,"4":12,"5":12,"6":1,"7":8,"8":10,"9":10,"10":8,"11":22},"b":{"1":[22,2],"2":[71,1],"3":[12,0],"4":[1,11],"5":[10,0],"6":[8,2]},"f":{"1":24,"2":72,"3":134,"4":12,"5":10,"6":22},"fnMap":{"1":{"name":"onlyOwnerOrInternal","line":35,"loc":{"start":{"line":35,"column":4},"end":{"line":35,"column":32}}},"2":{"name":"notNull","line":42,"loc":{"start":{"line":42,"column":4},"end":{"line":42,"column":36}}},"3":{"name":"FundWallet","line":49,"loc":{"start":{"line":49,"column":4},"end":{"line":52,"column":5}}},"4":{"name":"sendEther","line":60,"loc":{"start":{"line":60,"column":4},"end":{"line":64,"column":5}}},"5":{"name":"sendTokens","line":83,"loc":{"start":{"line":83,"column":4},"end":{"line":87,"column":5}}},"6":{"name":null,"line":95,"loc":{"start":{"line":95,"column":4},"end":{"line":98,"column":5}}}},"statementMap":{"1":{"start":{"line":36,"column":8},"end":{"line":36,"column":66}},"2":{"start":{"line":43,"column":8},"end":{"line":43,"column":29}},"3":{"start":{"line":53,"column":8},"end":{"line":53,"column":21}},"4":{"start":{"line":65,"column":8},"end":{"line":65,"column":26}},"5":{"start":{"line":69,"column":8},"end":{"line":69,"column":2709}},"6":{"start":{"line":70,"column":12},"end":{"line":70,"column":32}},"7":{"start":{"line":76,"column":8},"end":{"line":76,"column":43}},"8":{"start":{"line":88,"column":8},"end":{"line":88,"column":26}},"9":{"start":{"line":90,"column":8},"end":{"line":90,"column":44}},"10":{"start":{"line":91,"column":8},"end":{"line":91,"column":38}},"11":{"start":{"line":99,"column":8},"end":{"line":99,"column":52}}},"branchMap":{"1":{"line":36,"type":"if","locations":[{"start":{"line":36,"column":8},"end":{"line":36,"column":8}},{"start":{"line":36,"column":8},"end":{"line":36,"column":8}}]},"2":{"line":43,"type":"if","locations":[{"start":{"line":43,"column":8},"end":{"line":43,"column":8}},{"start":{"line":43,"column":8},"end":{"line":43,"column":8}}]},"3":{"line":65,"type":"if","locations":[{"start":{"line":65,"column":8},"end":{"line":65,"column":8}},{"start":{"line":65,"column":8},"end":{"line":65,"column":8}}]},"4":{"line":69,"type":"if","locations":[{"start":{"line":69,"column":8},"end":{"line":69,"column":8}},{"start":{"line":69,"column":8},"end":{"line":69,"column":8}}]},"5":{"line":88,"type":"if","locations":[{"start":{"line":88,"column":8},"end":{"line":88,"column":8}},{"start":{"line":88,"column":8},"end":{"line":88,"column":8}}]},"6":{"line":90,"type":"if","locations":[{"start":{"line":90,"column":8},"end":{"line":90,"column":8}},{"start":{"line":90,"column":8},"end":{"line":90,"column":8}}]}}}}